2019-02-16 20:59:39 - sailog.py:70 - 
/_/_/_/_/_/_/_/_/_/_/_/_/_/_/_/_/_/_/_/_/_/_/_/_/_/_/_/_/_/_/_/_/_/_/_/_/_/_/_/_/_/
2019-02-16 20:59:39 - myrun.py:218 - weekend, exit
2019-02-16 20:59:39 - sailog.py:70 - 
/_/_/_/_/_/_/_/_/_/_/_/_/_/_/_/_/_/_/_/_/_/_/_/_/_/_/_/_/_/_/_/_/_/_/_/_/_/_/_/_/_/
2019-02-16 20:59:39 - myrun.py:117 - this is regression mode
2019-02-16 20:59:39 - myrun.py:126 - txn-list: ['island']
2019-02-16 20:59:39 - myrun.py:70 - nice: txn verified
2019-02-16 20:59:39 - myrun.py:135 - want fetch_len: [220]
2019-02-16 20:59:39 - myrun.py:93 - think [2018-10-16] as a date
2019-02-16 20:59:39 - myrun.py:139 - till_date: [2018-10-16]
2019-02-16 20:59:39 - myrun.py:142 - days: [10]
2019-02-16 20:59:39 - myrun.py:158 - regression-trade_date -----[2018-10-16]-----
2019-02-16 20:59:39 - myrun.py:107 - -- 000001 --
2019-02-16 20:59:40 - island.py:28 - TRAN island: 000001 -- 2018-10-16
2019-02-16 20:59:40 - myrun.py:107 - -- 000002 --
2019-02-16 20:59:40 - island.py:28 - TRAN island: 000002 -- 2018-10-16
2019-02-16 20:59:40 - myrun.py:107 - -- 000004 --
2019-02-16 20:59:40 - island.py:28 - TRAN island: 000004 -- 2018-09-28
2019-02-16 20:59:40 - myrun.py:107 - -- 000005 --
2019-02-16 20:59:40 - island.py:28 - TRAN island: 000005 -- 2018-10-16
2019-02-16 20:59:40 - myrun.py:107 - -- 000006 --
2019-02-16 20:59:40 - island.py:28 - TRAN island: 000006 -- 2018-10-16
2019-02-16 20:59:40 - myrun.py:107 - -- 000007 --
2019-02-16 20:59:40 - island.py:28 - TRAN island: 000007 -- 2018-10-16
2019-02-16 20:59:40 - myrun.py:107 - -- 000008 --
2019-02-16 20:59:40 - island.py:28 - TRAN island: 000008 -- 2018-10-16
2019-02-16 20:59:40 - myrun.py:107 - -- 000009 --
2019-02-16 20:59:40 - island.py:28 - TRAN island: 000009 -- 2018-10-16
2019-02-16 20:59:40 - myrun.py:107 - -- 000010 --
2019-02-16 20:59:41 - island.py:28 - TRAN island: 000010 -- 2018-10-16
2019-02-16 20:59:41 - myrun.py:107 - -- 000011 --
2019-02-16 20:59:41 - island.py:28 - TRAN island: 000011 -- 2018-10-16
2019-02-16 20:59:41 - myrun.py:107 - -- 000012 --
2019-02-16 20:59:41 - island.py:28 - TRAN island: 000012 -- 2018-10-16
2019-02-16 20:59:41 - myrun.py:107 - -- 000014 --
2019-02-16 20:59:41 - island.py:28 - TRAN island: 000014 -- 2018-10-16
2019-02-16 20:59:41 - myrun.py:107 - -- 000016 --
2019-02-16 20:59:41 - island.py:28 - TRAN island: 000016 -- 2018-10-16
2019-02-16 20:59:41 - myrun.py:107 - -- 000017 --
2019-02-16 20:59:41 - island.py:28 - TRAN island: 000017 -- 2018-10-16
2019-02-16 20:59:41 - myrun.py:107 - -- 000018 --
2019-02-16 20:59:41 - island.py:28 - TRAN island: 000018 -- 2018-10-16
2019-02-16 20:59:41 - myrun.py:107 - -- 000019 --
2019-02-16 20:59:41 - island.py:28 - TRAN island: 000019 -- 2018-10-16
2019-02-16 20:59:41 - myrun.py:107 - -- 000020 --
2019-02-16 20:59:42 - island.py:28 - TRAN island: 000020 -- 2018-10-16
2019-02-16 20:59:42 - myrun.py:107 - -- 000021 --
2019-02-16 20:59:42 - island.py:28 - TRAN island: 000021 -- 2018-10-16
2019-02-16 20:59:42 - myrun.py:107 - -- 000023 --
2019-02-16 20:59:42 - island.py:28 - TRAN island: 000023 -- 2018-10-16
2019-02-16 20:59:42 - myrun.py:107 - -- 000025 --
2019-02-16 20:59:42 - island.py:28 - TRAN island: 000025 -- 2018-10-16
2019-02-16 20:59:42 - myrun.py:107 - -- 000026 --
2019-02-16 20:59:42 - island.py:28 - TRAN island: 000026 -- 2018-10-16
2019-02-16 20:59:42 - myrun.py:107 - -- 000027 --
2019-02-16 20:59:42 - island.py:28 - TRAN island: 000027 -- 2018-10-16
2019-02-16 20:59:42 - myrun.py:107 - -- 000028 --
2019-02-16 20:59:42 - island.py:28 - TRAN island: 000028 -- 2018-10-16
2019-02-16 20:59:42 - myrun.py:107 - -- 000030 --
2019-02-16 20:59:42 - island.py:28 - TRAN island: 000030 -- 2018-10-16
2019-02-16 20:59:42 - myrun.py:107 - -- 000031 --
2019-02-16 20:59:43 - island.py:28 - TRAN island: 000031 -- 2018-10-16
2019-02-16 20:59:43 - myrun.py:107 - -- 000032 --
2019-02-16 20:59:43 - island.py:28 - TRAN island: 000032 -- 2018-10-16
2019-02-16 20:59:43 - myrun.py:107 - -- 000034 --
2019-02-16 20:59:43 - island.py:28 - TRAN island: 000034 -- 2018-10-16
2019-02-16 20:59:43 - myrun.py:107 - -- 000035 --
2019-02-16 20:59:43 - island.py:28 - TRAN island: 000035 -- 2018-10-16
2019-02-16 20:59:43 - myrun.py:107 - -- 000036 --
2019-02-16 20:59:43 - island.py:28 - TRAN island: 000036 -- 2018-10-16
2019-02-16 20:59:43 - myrun.py:107 - -- 000037 --
2019-02-16 20:59:43 - island.py:28 - TRAN island: 000037 -- 2018-10-16
2019-02-16 20:59:43 - myrun.py:107 - -- 000038 --
2019-02-16 20:59:43 - island.py:28 - TRAN island: 000038 -- 2018-10-16
2019-02-16 20:59:43 - myrun.py:107 - -- 000039 --
2019-02-16 20:59:43 - island.py:28 - TRAN island: 000039 -- 2018-10-16
2019-02-16 20:59:43 - myrun.py:107 - -- 000040 --
2019-02-16 20:59:43 - island.py:28 - TRAN island: 000040 -- 2018-10-16
2019-02-16 20:59:43 - myrun.py:107 - -- 000042 --
2019-02-16 20:59:44 - island.py:28 - TRAN island: 000042 -- 2018-10-16
2019-02-16 20:59:44 - myrun.py:107 - -- 000043 --
2019-02-16 20:59:44 - island.py:28 - TRAN island: 000043 -- 2018-10-16
2019-02-16 20:59:44 - myrun.py:107 - -- 000045 --
2019-02-16 20:59:44 - island.py:28 - TRAN island: 000045 -- 2018-10-16
2019-02-16 20:59:44 - myrun.py:107 - -- 000046 --
2019-02-16 20:59:44 - island.py:28 - TRAN island: 000046 -- 2018-10-16
2019-02-16 20:59:44 - myrun.py:107 - -- 000048 --
2019-02-16 20:59:44 - island.py:28 - TRAN island: 000048 -- 2018-10-16
2019-02-16 20:59:44 - myrun.py:107 - -- 000049 --
2019-02-16 20:59:44 - island.py:28 - TRAN island: 000049 -- 2018-10-16
2019-02-16 20:59:44 - myrun.py:107 - -- 000050 --
2019-02-16 20:59:44 - island.py:28 - TRAN island: 000050 -- 2018-10-16
2019-02-16 20:59:44 - myrun.py:107 - -- 000055 --
2019-02-16 20:59:44 - island.py:28 - TRAN island: 000055 -- 2018-10-16
2019-02-16 20:59:44 - myrun.py:107 - -- 000056 --
2019-02-16 20:59:45 - island.py:28 - TRAN island: 000056 -- 2018-10-16
2019-02-16 20:59:45 - myrun.py:107 - -- 000058 --
2019-02-16 20:59:45 - island.py:28 - TRAN island: 000058 -- 2018-10-16
2019-02-16 20:59:45 - myrun.py:107 - -- 000059 --
2019-02-16 20:59:45 - island.py:28 - TRAN island: 000059 -- 2018-10-16
2019-02-16 20:59:45 - myrun.py:107 - -- 000060 --
2019-02-16 20:59:45 - island.py:28 - TRAN island: 000060 -- 2018-10-16
2019-02-16 20:59:45 - myrun.py:107 - -- 000061 --
2019-02-16 20:59:45 - island.py:28 - TRAN island: 000061 -- 2018-10-16
2019-02-16 20:59:45 - myrun.py:107 - -- 000062 --
2019-02-16 20:59:45 - island.py:28 - TRAN island: 000062 -- 2018-10-16
2019-02-16 20:59:45 - myrun.py:107 - -- 000063 --
2019-02-16 20:59:45 - island.py:28 - TRAN island: 000063 -- 2018-10-16
2019-02-16 20:59:45 - myrun.py:107 - -- 000065 --
2019-02-16 20:59:45 - island.py:28 - TRAN island: 000065 -- 2018-10-16
2019-02-16 20:59:45 - myrun.py:107 - -- 000066 --
2019-02-16 20:59:45 - island.py:28 - TRAN island: 000066 -- 2018-10-16
2019-02-16 20:59:45 - myrun.py:107 - -- 000068 --
2019-02-16 20:59:46 - island.py:28 - TRAN island: 000068 -- 2018-10-16
2019-02-16 20:59:46 - myrun.py:107 - -- 000069 --
2019-02-16 20:59:46 - island.py:28 - TRAN island: 000069 -- 2018-10-16
2019-02-16 20:59:46 - myrun.py:107 - -- 000070 --
2019-02-16 20:59:46 - island.py:28 - TRAN island: 000070 -- 2018-10-16
2019-02-16 20:59:46 - myrun.py:107 - -- 000078 --
2019-02-16 20:59:46 - island.py:28 - TRAN island: 000078 -- 2018-10-16
2019-02-16 20:59:46 - myrun.py:107 - -- 000088 --
2019-02-16 20:59:46 - island.py:28 - TRAN island: 000088 -- 2018-10-16
2019-02-16 20:59:46 - myrun.py:107 - -- 000089 --
2019-02-16 20:59:46 - island.py:28 - TRAN island: 000089 -- 2018-10-16
2019-02-16 20:59:46 - myrun.py:107 - -- 000090 --
2019-02-16 20:59:46 - island.py:28 - TRAN island: 000090 -- 2018-10-16
2019-02-16 20:59:46 - myrun.py:107 - -- 000096 --
2019-02-16 20:59:46 - island.py:28 - TRAN island: 000096 -- 2018-10-16
2019-02-16 20:59:46 - myrun.py:107 - -- 000099 --
2019-02-16 20:59:47 - island.py:28 - TRAN island: 000099 -- 2018-10-16
2019-02-16 20:59:47 - myrun.py:107 - -- 000100 --
2019-02-16 20:59:47 - island.py:28 - TRAN island: 000100 -- 2018-10-16
2019-02-16 20:59:47 - myrun.py:107 - -- 000150 --
2019-02-16 20:59:47 - island.py:28 - TRAN island: 000150 -- 2018-10-16
2019-02-16 20:59:47 - myrun.py:107 - -- 000151 --
2019-02-16 20:59:47 - island.py:28 - TRAN island: 000151 -- 2018-10-16
2019-02-16 20:59:47 - myrun.py:107 - -- 000153 --
2019-02-16 20:59:47 - island.py:28 - TRAN island: 000153 -- 2018-10-16
2019-02-16 20:59:47 - myrun.py:107 - -- 000155 --
2019-02-16 20:59:47 - island.py:28 - TRAN island: 000155 -- 2018-10-16
2019-02-16 20:59:47 - myrun.py:107 - -- 000156 --
2019-02-16 20:59:47 - island.py:28 - TRAN island: 000156 -- 2018-10-16
2019-02-16 20:59:47 - myrun.py:107 - -- 000157 --
2019-02-16 20:59:47 - island.py:28 - TRAN island: 000157 -- 2018-10-16
2019-02-16 20:59:47 - myrun.py:107 - -- 000158 --
2019-02-16 20:59:47 - island.py:28 - TRAN island: 000158 -- 2018-10-16
2019-02-16 20:59:47 - myrun.py:107 - -- 000159 --
2019-02-16 20:59:48 - island.py:28 - TRAN island: 000159 -- 2018-10-16
2019-02-16 20:59:48 - myrun.py:107 - -- 000166 --
2019-02-16 20:59:48 - island.py:28 - TRAN island: 000166 -- 2018-10-16
2019-02-16 20:59:48 - myrun.py:107 - -- 000301 --
2019-02-16 20:59:48 - island.py:28 - TRAN island: 000301 -- 2018-10-16
2019-02-16 20:59:48 - myrun.py:107 - -- 000333 --
2019-02-16 20:59:48 - island.py:28 - TRAN island: 000333 -- 2018-09-07
2019-02-16 20:59:48 - myrun.py:107 - -- 000338 --
2019-02-16 20:59:48 - island.py:28 - TRAN island: 000338 -- 2018-10-16
2019-02-16 20:59:48 - myrun.py:107 - -- 000400 --
2019-02-16 20:59:48 - island.py:28 - TRAN island: 000400 -- 2018-10-16
2019-02-16 20:59:48 - myrun.py:107 - -- 000401 --
2019-02-16 20:59:48 - island.py:28 - TRAN island: 000401 -- 2018-10-16
2019-02-16 20:59:48 - myrun.py:107 - -- 000402 --
2019-02-16 20:59:48 - island.py:28 - TRAN island: 000402 -- 2018-10-16
2019-02-16 20:59:48 - myrun.py:107 - -- 000403 --
2019-02-16 20:59:49 - island.py:28 - TRAN island: 000403 -- 2018-10-16
2019-02-16 20:59:49 - myrun.py:107 - -- 000404 --
2019-02-16 20:59:49 - island.py:28 - TRAN island: 000404 -- 2018-10-16
2019-02-16 20:59:49 - myrun.py:107 - -- 000407 --
2019-02-16 20:59:49 - island.py:28 - TRAN island: 000407 -- 2018-10-16
2019-02-16 20:59:49 - myrun.py:107 - -- 000408 --
2019-02-16 20:59:49 - island.py:28 - TRAN island: 000408 -- 2018-10-16
2019-02-16 20:59:49 - myrun.py:107 - -- 000409 --
2019-02-16 20:59:49 - island.py:28 - TRAN island: 000409 -- 2018-10-16
2019-02-16 20:59:49 - myrun.py:107 - -- 000410 --
2019-02-16 20:59:49 - island.py:28 - TRAN island: 000410 -- 2018-10-16
2019-02-16 20:59:49 - myrun.py:107 - -- 000411 --
2019-02-16 20:59:49 - island.py:28 - TRAN island: 000411 -- 2018-10-16
2019-02-16 20:59:49 - myrun.py:107 - -- 000413 --
2019-02-16 20:59:49 - island.py:28 - TRAN island: 000413 -- 2018-10-16
2019-02-16 20:59:49 - myrun.py:107 - -- 000415 --
2019-02-16 20:59:49 - island.py:28 - TRAN island: 000415 -- 2018-10-16
2019-02-16 20:59:49 - myrun.py:107 - -- 000416 --
2019-02-16 20:59:50 - island.py:28 - TRAN island: 000416 -- 2018-10-16
2019-02-16 20:59:50 - myrun.py:107 - -- 000417 --
2019-02-16 20:59:50 - island.py:28 - TRAN island: 000417 -- 2018-10-16
2019-02-16 20:59:50 - myrun.py:107 - -- 000418 --
2019-02-16 20:59:50 - island.py:28 - TRAN island: 000418 -- 2018-09-07
2019-02-16 20:59:50 - myrun.py:107 - -- 000419 --
2019-02-16 20:59:50 - island.py:28 - TRAN island: 000419 -- 2018-10-16
2019-02-16 20:59:50 - myrun.py:107 - -- 000420 --
2019-02-16 20:59:50 - island.py:28 - TRAN island: 000420 -- 2018-10-16
2019-02-16 20:59:50 - myrun.py:107 - -- 000421 --
2019-02-16 20:59:50 - island.py:28 - TRAN island: 000421 -- 2018-10-16
2019-02-16 20:59:50 - myrun.py:107 - -- 000422 --
2019-02-16 20:59:50 - island.py:28 - TRAN island: 000422 -- 2018-10-16
2019-02-16 20:59:50 - myrun.py:107 - -- 000423 --
2019-02-16 20:59:50 - island.py:28 - TRAN island: 000423 -- 2018-10-16
2019-02-16 20:59:50 - myrun.py:107 - -- 000425 --
2019-02-16 20:59:51 - island.py:28 - TRAN island: 000425 -- 2018-10-16
2019-02-16 20:59:51 - myrun.py:107 - -- 000426 --
2019-02-16 20:59:51 - island.py:28 - TRAN island: 000426 -- 2018-10-16
2019-02-16 20:59:51 - myrun.py:107 - -- 000428 --
2019-02-16 20:59:51 - island.py:28 - TRAN island: 000428 -- 2018-10-16
2019-02-16 20:59:51 - myrun.py:107 - -- 000429 --
2019-02-16 20:59:51 - island.py:28 - TRAN island: 000429 -- 2018-10-16
2019-02-16 20:59:51 - myrun.py:107 - -- 000430 --
2019-02-16 20:59:51 - island.py:28 - TRAN island: 000430 -- 2018-10-16
2019-02-16 20:59:51 - myrun.py:107 - -- 000488 --
2019-02-16 20:59:51 - island.py:28 - TRAN island: 000488 -- 2018-10-16
2019-02-16 20:59:51 - myrun.py:107 - -- 000498 --
2019-02-16 20:59:51 - island.py:28 - TRAN island: 000498 -- 2018-10-16
2019-02-16 20:59:51 - myrun.py:107 - -- 000501 --
2019-02-16 20:59:51 - island.py:28 - TRAN island: 000501 -- 2018-10-16
2019-02-16 20:59:51 - myrun.py:107 - -- 000502 --
2019-02-16 20:59:51 - island.py:28 - TRAN island: 000502 -- 2018-10-16
2019-02-16 20:59:51 - myrun.py:107 - -- 000503 --
2019-02-16 20:59:52 - island.py:28 - TRAN island: 000503 -- 2018-10-16
2019-02-16 20:59:52 - myrun.py:107 - -- 000504 --
2019-02-16 20:59:52 - island.py:28 - TRAN island: 000504 -- 2018-10-16
2019-02-16 20:59:52 - myrun.py:107 - -- 000505 --
2019-02-16 20:59:52 - island.py:28 - TRAN island: 000505 -- 2018-10-16
2019-02-16 20:59:52 - myrun.py:107 - -- 000506 --
2019-02-16 20:59:52 - island.py:28 - TRAN island: 000506 -- 2018-10-16
2019-02-16 20:59:52 - myrun.py:107 - -- 000507 --
2019-02-16 20:59:52 - island.py:28 - TRAN island: 000507 -- 2018-10-16
2019-02-16 20:59:52 - myrun.py:107 - -- 000509 --
2019-02-16 20:59:52 - island.py:28 - TRAN island: 000509 -- 2018-10-16
2019-02-16 20:59:52 - myrun.py:107 - -- 000510 --
2019-02-16 20:59:52 - island.py:28 - TRAN island: 000510 -- 2018-10-16
2019-02-16 20:59:52 - myrun.py:107 - -- 000513 --
2019-02-16 20:59:52 - island.py:28 - TRAN island: 000513 -- 2018-10-16
2019-02-16 20:59:52 - myrun.py:107 - -- 000514 --
