let's begin here!
---index is  000001
work_one_once begin 000001
delete from tbl_30min where stock_id = '000001'
i'm importing 000001
work_one_once end
---index is  000002
work_one_once begin 000002
delete from tbl_30min where stock_id = '000002'
i'm importing 000002
work_one_once end
---index is  000004
work_one_once begin 000004
delete from tbl_30min where stock_id = '000004'
i'm importing 000004
work_one_once end
---index is  000005
work_one_once begin 000005
delete from tbl_30min where stock_id = '000005'
i'm importing 000005
work_one_once end
---index is  000006
work_one_once begin 000006
delete from tbl_30min where stock_id = '000006'
i'm importing 000006
work_one_once end
---index is  000007
work_one_once begin 000007
delete from tbl_30min where stock_id = '000007'
i'm importing 000007
work_one_once end
---index is  000008
work_one_once begin 000008
delete from tbl_30min where stock_id = '000008'
i'm importing 000008
work_one_once end
---index is  000009
work_one_once begin 000009
delete from tbl_30min where stock_id = '000009'
i'm importing 000009
work_one_once end
---index is  000010
work_one_once begin 000010
delete from tbl_30min where stock_id = '000010'
i'm importing 000010
work_one_once end
---index is  000011
work_one_once begin 000011
delete from tbl_30min where stock_id = '000011'
i'm importing 000011
work_one_once end
---index is  000012
work_one_once begin 000012
delete from tbl_30min where stock_id = '000012'
i'm importing 000012
work_one_once end
---index is  000014
work_one_once begin 000014
delete from tbl_30min where stock_id = '000014'
i'm importing 000014
work_one_once end
---index is  000016
work_one_once begin 000016
delete from tbl_30min where stock_id = '000016'
i'm importing 000016
work_one_once end
---index is  000017
work_one_once begin 000017
delete from tbl_30min where stock_id = '000017'
i'm importing 000017
work_one_once end
---index is  000018
work_one_once begin 000018
delete from tbl_30min where stock_id = '000018'
i'm importing 000018
work_one_once end
---index is  000019
work_one_once begin 000019
delete from tbl_30min where stock_id = '000019'
i'm importing 000019
work_one_once end
---index is  000020
work_one_once begin 000020
delete from tbl_30min where stock_id = '000020'
i'm importing 000020
work_one_once end
---index is  000021
work_one_once begin 000021
delete from tbl_30min where stock_id = '000021'
i'm importing 000021
work_one_once end
---index is  000022
work_one_once begin 000022
delete from tbl_30min where stock_id = '000022'
i'm importing 000022
work_one_once end
---index is  000023
work_one_once begin 000023
delete from tbl_30min where stock_id = '000023'
i'm importing 000023
work_one_once end
---index is  000025
work_one_once begin 000025
delete from tbl_30min where stock_id = '000025'
i'm importing 000025
work_one_once end
---index is  000026
work_one_once begin 000026
delete from tbl_30min where stock_id = '000026'
i'm importing 000026
work_one_once end
---index is  000027
work_one_once begin 000027
delete from tbl_30min where stock_id = '000027'
i'm importing 000027
work_one_once end
---index is  000028
work_one_once begin 000028
delete from tbl_30min where stock_id = '000028'
i'm importing 000028
work_one_once end
---index is  000029
work_one_once begin 000029
delete from tbl_30min where stock_id = '000029'
i'm importing 000029
work_one_once end
---index is  000030
work_one_once begin 000030
delete from tbl_30min where stock_id = '000030'
i'm importing 000030
work_one_once end
---index is  000031
work_one_once begin 000031
delete from tbl_30min where stock_id = '000031'
i'm importing 000031
work_one_once end
---index is  000032
work_one_once begin 000032
delete from tbl_30min where stock_id = '000032'
i'm importing 000032
work_one_once end
---index is  000033
work_one_once begin 000033
delete from tbl_30min where stock_id = '000033'
i'm importing 000033
work_one_once end
---index is  000034
work_one_once begin 000034
delete from tbl_30min where stock_id = '000034'
i'm importing 000034
work_one_once end
---index is  000035
work_one_once begin 000035
delete from